[2025-02-28, 13:23:11 UTC] {local_task_job_runner.py:123} ▶ Pre task execution logs
[2025-02-28, 13:23:31 UTC] {job.py:229} INFO - Heartbeat recovered after 14.18 seconds
[2025-02-28, 13:23:44 UTC] {job.py:229} INFO - Heartbeat recovered after 17.36 seconds
[2025-02-28, 13:23:51 UTC] {job.py:229} INFO - Heartbeat recovered after 11.25 seconds
[2025-02-28, 13:24:08 UTC] {job.py:229} INFO - Heartbeat recovered after 18.68 seconds
[2025-02-28, 13:24:26 UTC] {job.py:229} INFO - Heartbeat recovered after 28.39 seconds
[2025-02-28, 13:24:38 UTC] {job.py:229} INFO - Heartbeat recovered after 13.03 seconds
[2025-02-28, 13:24:59 UTC] {job.py:229} INFO - Heartbeat recovered after 27.78 seconds
[2025-02-28, 13:25:17 UTC] {job.py:229} INFO - Heartbeat recovered after 27.94 seconds
[2025-02-28, 13:25:31 UTC] {job.py:229} INFO - Heartbeat recovered after 23.25 seconds
[2025-02-28, 13:25:47 UTC] {job.py:229} INFO - Heartbeat recovered after 10.85 seconds
[2025-02-28, 13:25:57 UTC] {job.py:229} INFO - Heartbeat recovered after 13.42 seconds
[2025-02-28, 13:26:15 UTC] {job.py:229} INFO - Heartbeat recovered after 22.57 seconds
[2025-02-28, 13:26:40 UTC] {job.py:229} INFO - Heartbeat recovered after 12.03 seconds
[2025-02-28, 13:26:48 UTC] {job.py:229} INFO - Heartbeat recovered after 13.61 seconds
[2025-02-28, 13:26:59 UTC] {job.py:229} INFO - Heartbeat recovered after 14.03 seconds
[2025-02-28, 13:27:05 UTC] {job.py:229} INFO - Heartbeat recovered after 10.97 seconds
[2025-02-28, 13:27:28 UTC] {credentials.py:1278} INFO - Found credentials in shared credentials file: ~/.aws/credentials
[2025-02-28, 13:27:33 UTC] {logging_mixin.py:190} INFO - Uploaded courses.csv to S3 successfully!
[2025-02-28, 13:27:36 UTC] {logging_mixin.py:190} INFO - Uploaded enrollments.csv to S3 successfully!
[2025-02-28, 13:27:37 UTC] {logging_mixin.py:190} INFO - Uploaded instructors.csv to S3 successfully!
[2025-02-28, 13:27:38 UTC] {logging_mixin.py:190} INFO - Uploaded skills.csv to S3 successfully!
[2025-02-28, 13:27:38 UTC] {logging_mixin.py:190} INFO - All files cleaned and uploaded successfully! 🚀
[2025-02-28, 13:27:38 UTC] {python.py:240} INFO - Done. Returned value was: None
[2025-02-28, 13:27:38 UTC] {taskinstance.py:341} ▶ Post task execution logs